<?xml version="1.0" encoding="UTF-8"?>
<!-- Generated by org.testng.reporters.JUnitXMLReporter -->
<testsuite hostname="LAPTOP-6BLMBPNU" ignored="0" name="chromeTest1" tests="12" failures="0" timestamp="2021-08-16T16:24:35 IST" time="334.128" errors="0">
  <testcase name="checkMulticity" time="3.776" classname="flight2.MyFlightScript2"/>
  <testcase name="webCheckIn" time="6.967" classname="flight2.MyFlightScript2"/>
  <testcase name="CheckDefence" time="6.902" classname="flight2.MyFlightScript2"/>
  <testcase name="checkFlightDetails" time="3.058" classname="flight2.MyFlightScript2"/>
  <testcase name="reviewValidEmail" time="9.253" classname="flight2.MyFlightScript2"/>
  <testcase name="reviewInvalidEmail" time="6.318" classname="flight2.MyFlightScript2"/>
  <testcase name="reviewdInsuranceYes" time="8.486" classname="flight2.MyFlightScript2"/>
  <testcase name="reviewdInsuranceNo" time="11.238" classname="flight2.MyFlightScript2"/>
  <testcase name="travellerSection1" time="13.088" classname="flight2.MyFlightScript2"/>
  <testcase name="travellerSection2" time="10.296" classname="flight2.MyFlightScript2"/>
  <testcase name="checkSameLocation" time="3.434" classname="flight2.MyFlightScript2"/>
  <testcase name="maxTravelersCheck" time="0.456" classname="flight2.MyFlightScript2"/>
</testsuite> <!-- chromeTest1 -->
