<?xml version="1.0" encoding="UTF-8"?>
<!-- Generated by org.testng.reporters.JUnitXMLReporter -->
<testsuite hostname="LAPTOP-6BLMBPNU" ignored="0" name="chromeTest2" tests="4" failures="0" timestamp="2021-08-16T16:20:40 IST" time="98.347" errors="0">
  <testcase name="checkRoundtrip" time="5.724" classname="flight2.MyFlightScript2"/>
  <testcase name="endToEnd" time="29.794" classname="flight2.EndToEndFlightBooking"/>
  <testcase name="endToEnd" time="39.098" classname="flight2.EndToEndFlightBooking"/>
  <testcase name="checkOneway" time="1.287" classname="flight2.MyFlightScript2"/>
</testsuite> <!-- chromeTest2 -->
