<?xml version="1.0" encoding="UTF-8"?>
<!-- Generated by org.testng.reporters.JUnitXMLReporter -->
<testsuite hostname="LAPTOP-6BLMBPNU" ignored="0" name="firefoxTest1" tests="16" failures="0" timestamp="2021-08-16T16:19:51 IST" time="47.275" errors="0">
  <testcase name="aPropLoadMethod" time="0.936" classname="flight2.MyFlightScript2"/>
  <testcase name="aPropLoadMethod" time="0.0" classname="flight2.MyFlightScript2">
    <skipped/>
  </testcase> <!-- aPropLoadMethod -->
  <testcase name="checkRoundtrip" time="0.0" classname="flight2.MyFlightScript2">
    <skipped/>
  </testcase> <!-- checkRoundtrip -->
  <testcase name="checkOneway" time="0.0" classname="flight2.MyFlightScript2">
    <skipped/>
  </testcase> <!-- checkOneway -->
  <testcase name="checkMulticity" time="0.0" classname="flight2.MyFlightScript2">
    <skipped/>
  </testcase> <!-- checkMulticity -->
  <testcase name="webCheckIn" time="0.0" classname="flight2.MyFlightScript2">
    <skipped/>
  </testcase> <!-- webCheckIn -->
  <testcase name="CheckDefence" time="0.0" classname="flight2.MyFlightScript2">
    <skipped/>
  </testcase> <!-- CheckDefence -->
  <testcase name="checkFlightDetails" time="0.0" classname="flight2.MyFlightScript2">
    <skipped/>
  </testcase> <!-- checkFlightDetails -->
  <testcase name="reviewValidEmail" time="0.0" classname="flight2.MyFlightScript2">
    <skipped/>
  </testcase> <!-- reviewValidEmail -->
  <testcase name="reviewInvalidEmail" time="0.0" classname="flight2.MyFlightScript2">
    <skipped/>
  </testcase> <!-- reviewInvalidEmail -->
  <testcase name="reviewdInsuranceYes" time="0.0" classname="flight2.MyFlightScript2">
    <skipped/>
  </testcase> <!-- reviewdInsuranceYes -->
  <testcase name="reviewdInsuranceNo" time="0.0" classname="flight2.MyFlightScript2">
    <skipped/>
  </testcase> <!-- reviewdInsuranceNo -->
  <testcase name="travellerSection1" time="0.0" classname="flight2.MyFlightScript2">
    <skipped/>
  </testcase> <!-- travellerSection1 -->
  <testcase name="travellerSection2" time="0.0" classname="flight2.MyFlightScript2">
    <skipped/>
  </testcase> <!-- travellerSection2 -->
  <testcase name="checkSameLocation" time="0.0" classname="flight2.MyFlightScript2">
    <skipped/>
  </testcase> <!-- checkSameLocation -->
  <testcase name="maxTravelersCheck" time="0.0" classname="flight2.MyFlightScript2">
    <skipped/>
  </testcase> <!-- maxTravelersCheck -->
</testsuite> <!-- firefoxTest1 -->
